0 info it worked if it ends with ok
1 verbose cli [ 'node', '/usr/bin/npm', 'adduser' ]
2 info using npm@1.4.29
3 info using node@v0.10.25
4 verbose node symlink /usr/bin/node
5 warn deprecated This version of npm lacks support for important features,
6 warn deprecated such as scoped packages, offered by the primary npm
7 warn deprecated registry. Consider upgrading to at least npm@2, if not the
8 warn deprecated latest stable version. To upgrade to npm@2, run:
9 warn deprecated npm -g install npm@latest-2
10 warn deprecated To upgrade to the latest stable version, run:
11 warn deprecated npm -g install npm@latest
12 warn deprecated (Depending on how Node.js was installed on your system, you
13 warn deprecated may need to prefix the preceding commands with `sudo`, or if
14 warn deprecated on Windows, run them from an Administrator prompt.)
15 warn deprecated If you're running the version of npm bundled with
16 warn deprecated Node.js 0.10 LTS, be aware that the next version of 0.10 LTS
17 warn deprecated will be bundled with a version of npm@2, which has some small
18 warn deprecated backwards-incompatible changes made to `npm run-script` and
19 warn deprecated semver behavior.
20 error Error: canceled
20 error     at Interface.<anonymous> (/usr/lib/node_modules/npm/node_modules/read/lib/read.js:66:13)
20 error     at Interface.EventEmitter.emit (events.js:92:17)
20 error     at Interface._ttyWrite (readline.js:620:16)
20 error     at ReadStream.onkeypress (readline.js:99:10)
20 error     at ReadStream.EventEmitter.emit (events.js:98:17)
20 error     at emitKey (readline.js:1095:12)
20 error     at ReadStream.onData (readline.js:840:14)
20 error     at ReadStream.EventEmitter.emit (events.js:95:17)
20 error     at ReadStream.<anonymous> (_stream_readable.js:746:14)
20 error     at ReadStream.EventEmitter.emit (events.js:92:17)
21 error If you need help, you may report this *entire* log,
21 error including the npm and node versions, at:
21 error     <http://github.com/npm/npm/issues>
22 error System Linux 3.13.0-77-generic
23 error command "node" "/usr/bin/npm" "adduser"
24 error cwd /home/anunez/Downloads/node_modules/iobroker/node_modules/iobroker.chromecast
25 error node -v v0.10.25
26 error npm -v 1.4.29
27 verbose exit [ 1, true ]
